<?xml version="1.0" encoding="UTF-8"?>
<!-- Generated by org.testng.reporters.JUnitXMLReporter -->
<testsuite ignored="0" hostname="PratikThakur-FVFGWNTAQ05D" failures="0" tests="1" name="Surefire test" time="0.027" errors="0" timestamp="2023-02-15T13:57:46 IST">
  <testcase classname="com.browserstack.BrowserStackTestNGTest" name="@BeforeMethod setUp" time="-1.67644966667E9">
    <failure type="org.testng.TestNGException" message="
Parameter &amp;apos;config&amp;apos; is required by BeforeMethod on method setUp but has not been marked @Optional or defined
">
      <![CDATA[org.testng.TestNGException: 
Parameter 'config' is required by BeforeMethod on method setUp but has not been marked @Optional or defined

at java.base/java.util.ArrayList.forEach(ArrayList.java:1511)
... Removed 33 stack frames]]>
    </failure>
  </testcase> <!-- @BeforeMethod setUp -->
  <testcase classname="com.browserstack.BrowserStackTestNGTest" name="@AfterMethod tearDown" time="0.006">
    <failure type="java.lang.NullPointerException" message="Cannot invoke &amp;quot;io.appium.java_client.android.AndroidDriver.quit()&amp;quot; because &amp;quot;this.driver&amp;quot; is null">
      <![CDATA[java.lang.NullPointerException: Cannot invoke "io.appium.java_client.android.AndroidDriver.quit()" because "this.driver" is null
at com.browserstack.BrowserStackTestNGTest.tearDown(BrowserStackTestNGTest.java:93)
at java.base/java.util.ArrayList.forEach(ArrayList.java:1511)
... Removed 35 stack frames]]>
    </failure>
  </testcase> <!-- @AfterMethod tearDown -->
  <testcase classname="com.browserstack.FirstTest" name="test" time="0.0">
    <skipped/>
  </testcase> <!-- test -->
</testsuite> <!-- Surefire test -->
